   0  $accept : Program $end

   1  Program : ClassList

   2  ClassList : ClassList ClassDef
   3            | ClassDef

   4  VariableDef : Variable ';'

   5  Variable : Type IDENTIFIER

   6  Type : INT
   7       | VOID
   8       | BOOL
   9       | STRING
  10       | CLASS IDENTIFIER
  11       | Type '[' ']'

  12  ClassDef : SEALED CLASS IDENTIFIER ExtendsClause '{' FieldList '}'
  13           | CLASS IDENTIFIER ExtendsClause '{' FieldList '}'

  14  ExtendsClause : EXTENDS IDENTIFIER
  15                |

  16  FieldList : FieldList VariableDef
  17            | FieldList FunctionDef
  18            |

  19  Formals : VariableList
  20          |

  21  VariableList : VariableList ',' Variable
  22               | Variable

  23  FunctionDef : STATIC Type IDENTIFIER '(' Formals ')' StmtBlock
  24              | Type IDENTIFIER '(' Formals ')' StmtBlock

  25  StmtBlock : '{' StmtList '}'

  26  StmtList : StmtList Stmt
  27           |

  28  Stmt : VariableDef
  29       | SimpleStmt ';'
  30       | IfStmt
  31       | WhileStmt
  32       | ForStmt
  33       | ReturnStmt ';'
  34       | PrintStmt ';'
  35       | BreakStmt ';'
  36       | OCStmt ';'
  37       | GuardedStmt
  38       | StmtBlock

  39  OCStmt : SCOPY '(' IDENTIFIER ',' Expr ')'

  40  GuardedStmt : IF '{' GuardList Guard '}'
  41              | IF '{' '}'

  42  GuardList : GuardList Guard SEP
  43            |

  44  Guard : Expr ':' Stmt

  45  SimpleStmt : LValue '=' Expr
  46             | Call
  47             |

  48  Receiver : Expr '.'
  49           |

  50  LValue : Receiver IDENTIFIER
  51         | Expr '[' Expr ']'

  52  Call : Receiver IDENTIFIER '(' Actuals ')'

  53  Expr : LValue
  54       | Call
  55       | Constant
  56       | Expr '+' Expr
  57       | Expr '-' Expr
  58       | Expr '*' Expr
  59       | Expr '/' Expr
  60       | Expr '%' Expr
  61       | Expr EQUAL Expr
  62       | Expr NOT_EQUAL Expr
  63       | Expr '<' Expr
  64       | Expr '>' Expr
  65       | Expr LESS_EQUAL Expr
  66       | Expr GREATER_EQUAL Expr
  67       | Expr AND Expr
  68       | Expr OR Expr
  69       | '(' Expr ')'
  70       | '-' Expr
  71       | '!' Expr
  72       | READ_INTEGER '(' ')'
  73       | READ_LINE '(' ')'
  74       | THIS
  75       | NEW IDENTIFIER '(' ')'
  76       | NEW Type '[' Expr ']'
  77       | INSTANCEOF '(' Expr ',' IDENTIFIER ')'
  78       | '(' CLASS IDENTIFIER ')' Expr

  79  Constant : LITERAL
  80           | NULL

  81  Actuals : ExprList
  82          |

  83  ExprList : ExprList ',' Expr
  84           | Expr

  85  WhileStmt : WHILE '(' Expr ')' Stmt

  86  ForStmt : FOR '(' SimpleStmt ';' Expr ';' SimpleStmt ')' Stmt

  87  BreakStmt : BREAK

  88  IfStmt : IF '(' Expr ')' Stmt ElseClause

  89  ElseClause : ELSE Stmt
  90             |

  91  ReturnStmt : RETURN Expr
  92             | RETURN

  93  PrintStmt : PRINT '(' ExprList ')'

state 0
	$accept : . Program $end  (0)

	CLASS  shift 1
	SEALED  shift 2
	.  error

	Program  goto 3
	ClassList  goto 4
	ClassDef  goto 5


state 1
	ClassDef : CLASS . IDENTIFIER ExtendsClause '{' FieldList '}'  (13)

	IDENTIFIER  shift 6
	.  error


state 2
	ClassDef : SEALED . CLASS IDENTIFIER ExtendsClause '{' FieldList '}'  (12)

	CLASS  shift 7
	.  error


state 3
	$accept : Program . $end  (0)

	$end  accept


state 4
	Program : ClassList .  (1)
	ClassList : ClassList . ClassDef  (2)

	CLASS  shift 1
	SEALED  shift 2
	$end  reduce 1

	ClassDef  goto 8


state 5
	ClassList : ClassDef .  (3)

	.  reduce 3


state 6
	ClassDef : CLASS IDENTIFIER . ExtendsClause '{' FieldList '}'  (13)
	ExtendsClause : .  (15)

	EXTENDS  shift 9
	'{'  reduce 15

	ExtendsClause  goto 10


state 7
	ClassDef : SEALED CLASS . IDENTIFIER ExtendsClause '{' FieldList '}'  (12)

	IDENTIFIER  shift 11
	.  error


state 8
	ClassList : ClassList ClassDef .  (2)

	.  reduce 2


state 9
	ExtendsClause : EXTENDS . IDENTIFIER  (14)

	IDENTIFIER  shift 12
	.  error


state 10
	ClassDef : CLASS IDENTIFIER ExtendsClause . '{' FieldList '}'  (13)

	'{'  shift 13
	.  error


state 11
	ClassDef : SEALED CLASS IDENTIFIER . ExtendsClause '{' FieldList '}'  (12)
	ExtendsClause : .  (15)

	EXTENDS  shift 9
	'{'  reduce 15

	ExtendsClause  goto 14


state 12
	ExtendsClause : EXTENDS IDENTIFIER .  (14)

	.  reduce 14


state 13
	ClassDef : CLASS IDENTIFIER ExtendsClause '{' . FieldList '}'  (13)
	FieldList : .  (18)

	.  reduce 18

	FieldList  goto 15


state 14
	ClassDef : SEALED CLASS IDENTIFIER ExtendsClause . '{' FieldList '}'  (12)

	'{'  shift 16
	.  error


state 15
	ClassDef : CLASS IDENTIFIER ExtendsClause '{' FieldList . '}'  (13)
	FieldList : FieldList . VariableDef  (16)
	FieldList : FieldList . FunctionDef  (17)

	VOID  shift 17
	BOOL  shift 18
	INT  shift 19
	STRING  shift 20
	CLASS  shift 21
	STATIC  shift 22
	'}'  shift 23
	.  error

	VariableDef  goto 24
	Variable  goto 25
	Type  goto 26
	FunctionDef  goto 27


state 16
	ClassDef : SEALED CLASS IDENTIFIER ExtendsClause '{' . FieldList '}'  (12)
	FieldList : .  (18)

	.  reduce 18

	FieldList  goto 28


state 17
	Type : VOID .  (7)

	.  reduce 7


state 18
	Type : BOOL .  (8)

	.  reduce 8


state 19
	Type : INT .  (6)

	.  reduce 6


state 20
	Type : STRING .  (9)

	.  reduce 9


state 21
	Type : CLASS . IDENTIFIER  (10)

	IDENTIFIER  shift 29
	.  error


state 22
	FunctionDef : STATIC . Type IDENTIFIER '(' Formals ')' StmtBlock  (23)

	VOID  shift 17
	BOOL  shift 18
	INT  shift 19
	STRING  shift 20
	CLASS  shift 21
	.  error

	Type  goto 30


state 23
	ClassDef : CLASS IDENTIFIER ExtendsClause '{' FieldList '}' .  (13)

	.  reduce 13


state 24
	FieldList : FieldList VariableDef .  (16)

	.  reduce 16


state 25
	VariableDef : Variable . ';'  (4)

	';'  shift 31
	.  error


state 26
	Variable : Type . IDENTIFIER  (5)
	Type : Type . '[' ']'  (11)
	FunctionDef : Type . IDENTIFIER '(' Formals ')' StmtBlock  (24)

	IDENTIFIER  shift 32
	'['  shift 33
	.  error


state 27
	FieldList : FieldList FunctionDef .  (17)

	.  reduce 17


state 28
	ClassDef : SEALED CLASS IDENTIFIER ExtendsClause '{' FieldList . '}'  (12)
	FieldList : FieldList . VariableDef  (16)
	FieldList : FieldList . FunctionDef  (17)

	VOID  shift 17
	BOOL  shift 18
	INT  shift 19
	STRING  shift 20
	CLASS  shift 21
	STATIC  shift 22
	'}'  shift 34
	.  error

	VariableDef  goto 24
	Variable  goto 25
	Type  goto 26
	FunctionDef  goto 27


state 29
	Type : CLASS IDENTIFIER .  (10)

	.  reduce 10


state 30
	Type : Type . '[' ']'  (11)
	FunctionDef : STATIC Type . IDENTIFIER '(' Formals ')' StmtBlock  (23)

	IDENTIFIER  shift 35
	'['  shift 33
	.  error


state 31
	VariableDef : Variable ';' .  (4)

	.  reduce 4


state 32
	Variable : Type IDENTIFIER .  (5)
	FunctionDef : Type IDENTIFIER . '(' Formals ')' StmtBlock  (24)

	'('  shift 36
	';'  reduce 5


state 33
	Type : Type '[' . ']'  (11)

	']'  shift 37
	.  error


state 34
	ClassDef : SEALED CLASS IDENTIFIER ExtendsClause '{' FieldList '}' .  (12)

	.  reduce 12


state 35
	FunctionDef : STATIC Type IDENTIFIER . '(' Formals ')' StmtBlock  (23)

	'('  shift 38
	.  error


state 36
	FunctionDef : Type IDENTIFIER '(' . Formals ')' StmtBlock  (24)
	Formals : .  (20)

	VOID  shift 17
	BOOL  shift 18
	INT  shift 19
	STRING  shift 20
	CLASS  shift 21
	')'  reduce 20

	Variable  goto 39
	Type  goto 40
	Formals  goto 41
	VariableList  goto 42


state 37
	Type : Type '[' ']' .  (11)

	.  reduce 11


state 38
	FunctionDef : STATIC Type IDENTIFIER '(' . Formals ')' StmtBlock  (23)
	Formals : .  (20)

	VOID  shift 17
	BOOL  shift 18
	INT  shift 19
	STRING  shift 20
	CLASS  shift 21
	')'  reduce 20

	Variable  goto 39
	Type  goto 40
	Formals  goto 43
	VariableList  goto 42


state 39
	VariableList : Variable .  (22)

	.  reduce 22


state 40
	Variable : Type . IDENTIFIER  (5)
	Type : Type . '[' ']'  (11)

	IDENTIFIER  shift 44
	'['  shift 33
	.  error


state 41
	FunctionDef : Type IDENTIFIER '(' Formals . ')' StmtBlock  (24)

	')'  shift 45
	.  error


state 42
	Formals : VariableList .  (19)
	VariableList : VariableList . ',' Variable  (21)

	','  shift 46
	')'  reduce 19


state 43
	FunctionDef : STATIC Type IDENTIFIER '(' Formals . ')' StmtBlock  (23)

	')'  shift 47
	.  error


state 44
	Variable : Type IDENTIFIER .  (5)

	.  reduce 5


state 45
	FunctionDef : Type IDENTIFIER '(' Formals ')' . StmtBlock  (24)

	'{'  shift 48
	.  error

	StmtBlock  goto 49


state 46
	VariableList : VariableList ',' . Variable  (21)

	VOID  shift 17
	BOOL  shift 18
	INT  shift 19
	STRING  shift 20
	CLASS  shift 21
	.  error

	Variable  goto 50
	Type  goto 40


state 47
	FunctionDef : STATIC Type IDENTIFIER '(' Formals ')' . StmtBlock  (23)

	'{'  shift 48
	.  error

	StmtBlock  goto 51


state 48
	StmtBlock : '{' . StmtList '}'  (25)
	StmtList : .  (27)

	.  reduce 27

	StmtList  goto 52


state 49
	FunctionDef : Type IDENTIFIER '(' Formals ')' StmtBlock .  (24)

	.  reduce 24


state 50
	VariableList : VariableList ',' Variable .  (21)

	.  reduce 21


state 51
	FunctionDef : STATIC Type IDENTIFIER '(' Formals ')' StmtBlock .  (23)

	.  reduce 23


state 52
	StmtBlock : '{' StmtList . '}'  (25)
	StmtList : StmtList . Stmt  (26)
	SimpleStmt : .  (47)
	Receiver : .  (49)

	VOID  shift 17
	BOOL  shift 18
	INT  shift 19
	STRING  shift 20
	CLASS  shift 21
	NULL  shift 53
	THIS  shift 54
	WHILE  shift 55
	FOR  shift 56
	IF  shift 57
	RETURN  shift 58
	BREAK  shift 59
	NEW  shift 60
	PRINT  shift 61
	READ_INTEGER  shift 62
	READ_LINE  shift 63
	LITERAL  shift 64
	INSTANCEOF  shift 65
	'-'  shift 66
	'!'  shift 67
	'('  shift 68
	'{'  shift 48
	'}'  shift 69
	SCOPY  shift 70
	IDENTIFIER  reduce 49
	';'  reduce 47

	VariableDef  goto 71
	Variable  goto 25
	Type  goto 40
	StmtBlock  goto 72
	Stmt  goto 73
	SimpleStmt  goto 74
	IfStmt  goto 75
	WhileStmt  goto 76
	ForStmt  goto 77
	ReturnStmt  goto 78
	PrintStmt  goto 79
	BreakStmt  goto 80
	OCStmt  goto 81
	GuardedStmt  goto 82
	Expr  goto 83
	LValue  goto 84
	Call  goto 85
	Receiver  goto 86
	Constant  goto 87


state 53
	Constant : NULL .  (80)

	.  reduce 80


state 54
	Expr : THIS .  (74)

	.  reduce 74


state 55
	WhileStmt : WHILE . '(' Expr ')' Stmt  (85)

	'('  shift 88
	.  error


state 56
	ForStmt : FOR . '(' SimpleStmt ';' Expr ';' SimpleStmt ')' Stmt  (86)

	'('  shift 89
	.  error


state 57
	GuardedStmt : IF . '{' GuardList Guard '}'  (40)
	GuardedStmt : IF . '{' '}'  (41)
	IfStmt : IF . '(' Expr ')' Stmt ElseClause  (88)

	'('  shift 90
	'{'  shift 91
	.  error


state 58
	ReturnStmt : RETURN . Expr  (91)
	ReturnStmt : RETURN .  (92)
	Receiver : .  (49)

	NULL  shift 53
	THIS  shift 54
	NEW  shift 60
	READ_INTEGER  shift 62
	READ_LINE  shift 63
	LITERAL  shift 64
	INSTANCEOF  shift 65
	'-'  shift 66
	'!'  shift 67
	'('  shift 68
	IDENTIFIER  reduce 49
	';'  reduce 92

	Expr  goto 92
	LValue  goto 93
	Call  goto 94
	Receiver  goto 86
	Constant  goto 87


state 59
	BreakStmt : BREAK .  (87)

	.  reduce 87


state 60
	Expr : NEW . IDENTIFIER '(' ')'  (75)
	Expr : NEW . Type '[' Expr ']'  (76)

	VOID  shift 17
	BOOL  shift 18
	INT  shift 19
	STRING  shift 20
	CLASS  shift 21
	IDENTIFIER  shift 95
	.  error

	Type  goto 96


state 61
	PrintStmt : PRINT . '(' ExprList ')'  (93)

	'('  shift 97
	.  error


state 62
	Expr : READ_INTEGER . '(' ')'  (72)

	'('  shift 98
	.  error


state 63
	Expr : READ_LINE . '(' ')'  (73)

	'('  shift 99
	.  error


state 64
	Constant : LITERAL .  (79)

	.  reduce 79


state 65
	Expr : INSTANCEOF . '(' Expr ',' IDENTIFIER ')'  (77)

	'('  shift 100
	.  error


state 66
	Expr : '-' . Expr  (70)
	Receiver : .  (49)

	NULL  shift 53
	THIS  shift 54
	NEW  shift 60
	READ_INTEGER  shift 62
	READ_LINE  shift 63
	LITERAL  shift 64
	INSTANCEOF  shift 65
	'-'  shift 66
	'!'  shift 67
	'('  shift 68
	IDENTIFIER  reduce 49

	Expr  goto 101
	LValue  goto 93
	Call  goto 94
	Receiver  goto 86
	Constant  goto 87


state 67
	Expr : '!' . Expr  (71)
	Receiver : .  (49)

	NULL  shift 53
	THIS  shift 54
	NEW  shift 60
	READ_INTEGER  shift 62
	READ_LINE  shift 63
	LITERAL  shift 64
	INSTANCEOF  shift 65
	'-'  shift 66
	'!'  shift 67
	'('  shift 68
	IDENTIFIER  reduce 49

	Expr  goto 102
	LValue  goto 93
	Call  goto 94
	Receiver  goto 86
	Constant  goto 87


state 68
	Expr : '(' . Expr ')'  (69)
	Expr : '(' . CLASS IDENTIFIER ')' Expr  (78)
	Receiver : .  (49)

	CLASS  shift 103
	NULL  shift 53
	THIS  shift 54
	NEW  shift 60
	READ_INTEGER  shift 62
	READ_LINE  shift 63
	LITERAL  shift 64
	INSTANCEOF  shift 65
	'-'  shift 66
	'!'  shift 67
	'('  shift 68
	IDENTIFIER  reduce 49

	Expr  goto 104
	LValue  goto 93
	Call  goto 94
	Receiver  goto 86
	Constant  goto 87


state 69
	StmtBlock : '{' StmtList '}' .  (25)

	.  reduce 25


state 70
	OCStmt : SCOPY . '(' IDENTIFIER ',' Expr ')'  (39)

	'('  shift 105
	.  error


state 71
	Stmt : VariableDef .  (28)

	.  reduce 28


state 72
	Stmt : StmtBlock .  (38)

	.  reduce 38


state 73
	StmtList : StmtList Stmt .  (26)

	.  reduce 26


state 74
	Stmt : SimpleStmt . ';'  (29)

	';'  shift 106
	.  error


state 75
	Stmt : IfStmt .  (30)

	.  reduce 30


state 76
	Stmt : WhileStmt .  (31)

	.  reduce 31


state 77
	Stmt : ForStmt .  (32)

	.  reduce 32


state 78
	Stmt : ReturnStmt . ';'  (33)

	';'  shift 107
	.  error


state 79
	Stmt : PrintStmt . ';'  (34)

	';'  shift 108
	.  error


state 80
	Stmt : BreakStmt . ';'  (35)

	';'  shift 109
	.  error


state 81
	Stmt : OCStmt . ';'  (36)

	';'  shift 110
	.  error


state 82
	Stmt : GuardedStmt .  (37)

	.  reduce 37


state 83
	Receiver : Expr . '.'  (48)
	LValue : Expr . '[' Expr ']'  (51)
	Expr : Expr . '+' Expr  (56)
	Expr : Expr . '-' Expr  (57)
	Expr : Expr . '*' Expr  (58)
	Expr : Expr . '/' Expr  (59)
	Expr : Expr . '%' Expr  (60)
	Expr : Expr . EQUAL Expr  (61)
	Expr : Expr . NOT_EQUAL Expr  (62)
	Expr : Expr . '<' Expr  (63)
	Expr : Expr . '>' Expr  (64)
	Expr : Expr . LESS_EQUAL Expr  (65)
	Expr : Expr . GREATER_EQUAL Expr  (66)
	Expr : Expr . AND Expr  (67)
	Expr : Expr . OR Expr  (68)

	AND  shift 111
	OR  shift 112
	LESS_EQUAL  shift 113
	GREATER_EQUAL  shift 114
	EQUAL  shift 115
	NOT_EQUAL  shift 116
	'+'  shift 117
	'-'  shift 118
	'*'  shift 119
	'/'  shift 120
	'%'  shift 121
	'>'  shift 122
	'<'  shift 123
	'.'  shift 124
	'['  shift 125
	.  error


state 84
	SimpleStmt : LValue . '=' Expr  (45)
	Expr : LValue .  (53)

	'='  shift 126
	AND  reduce 53
	OR  reduce 53
	LESS_EQUAL  reduce 53
	GREATER_EQUAL  reduce 53
	EQUAL  reduce 53
	NOT_EQUAL  reduce 53
	'+'  reduce 53
	'-'  reduce 53
	'*'  reduce 53
	'/'  reduce 53
	'%'  reduce 53
	'>'  reduce 53
	'<'  reduce 53
	'.'  reduce 53
	'['  reduce 53


state 85
	SimpleStmt : Call .  (46)
	Expr : Call .  (54)

	AND  reduce 54
	OR  reduce 54
	LESS_EQUAL  reduce 54
	GREATER_EQUAL  reduce 54
	EQUAL  reduce 54
	NOT_EQUAL  reduce 54
	'+'  reduce 54
	'-'  reduce 54
	'*'  reduce 54
	'/'  reduce 54
	'%'  reduce 54
	'>'  reduce 54
	'<'  reduce 54
	'.'  reduce 54
	';'  reduce 46
	')'  reduce 46
	'['  reduce 54


state 86
	LValue : Receiver . IDENTIFIER  (50)
	Call : Receiver . IDENTIFIER '(' Actuals ')'  (52)

	IDENTIFIER  shift 127
	.  error


state 87
	Expr : Constant .  (55)

	.  reduce 55


state 88
	WhileStmt : WHILE '(' . Expr ')' Stmt  (85)
	Receiver : .  (49)

	NULL  shift 53
	THIS  shift 54
	NEW  shift 60
	READ_INTEGER  shift 62
	READ_LINE  shift 63
	LITERAL  shift 64
	INSTANCEOF  shift 65
	'-'  shift 66
	'!'  shift 67
	'('  shift 68
	IDENTIFIER  reduce 49

	Expr  goto 128
	LValue  goto 93
	Call  goto 94
	Receiver  goto 86
	Constant  goto 87


state 89
	ForStmt : FOR '(' . SimpleStmt ';' Expr ';' SimpleStmt ')' Stmt  (86)
	SimpleStmt : .  (47)
	Receiver : .  (49)

	NULL  shift 53
	THIS  shift 54
	NEW  shift 60
	READ_INTEGER  shift 62
	READ_LINE  shift 63
	LITERAL  shift 64
	INSTANCEOF  shift 65
	'-'  shift 66
	'!'  shift 67
	'('  shift 68
	IDENTIFIER  reduce 49
	';'  reduce 47

	SimpleStmt  goto 129
	Expr  goto 83
	LValue  goto 84
	Call  goto 85
	Receiver  goto 86
	Constant  goto 87


state 90
	IfStmt : IF '(' . Expr ')' Stmt ElseClause  (88)
	Receiver : .  (49)

	NULL  shift 53
	THIS  shift 54
	NEW  shift 60
	READ_INTEGER  shift 62
	READ_LINE  shift 63
	LITERAL  shift 64
	INSTANCEOF  shift 65
	'-'  shift 66
	'!'  shift 67
	'('  shift 68
	IDENTIFIER  reduce 49

	Expr  goto 130
	LValue  goto 93
	Call  goto 94
	Receiver  goto 86
	Constant  goto 87


state 91
	GuardedStmt : IF '{' . GuardList Guard '}'  (40)
	GuardedStmt : IF '{' . '}'  (41)
	GuardList : .  (43)

	'}'  shift 131
	NULL  reduce 43
	THIS  reduce 43
	NEW  reduce 43
	READ_INTEGER  reduce 43
	READ_LINE  reduce 43
	LITERAL  reduce 43
	IDENTIFIER  reduce 43
	INSTANCEOF  reduce 43
	'-'  reduce 43
	'!'  reduce 43
	'('  reduce 43

	GuardList  goto 132


state 92
	Receiver : Expr . '.'  (48)
	LValue : Expr . '[' Expr ']'  (51)
	Expr : Expr . '+' Expr  (56)
	Expr : Expr . '-' Expr  (57)
	Expr : Expr . '*' Expr  (58)
	Expr : Expr . '/' Expr  (59)
	Expr : Expr . '%' Expr  (60)
	Expr : Expr . EQUAL Expr  (61)
	Expr : Expr . NOT_EQUAL Expr  (62)
	Expr : Expr . '<' Expr  (63)
	Expr : Expr . '>' Expr  (64)
	Expr : Expr . LESS_EQUAL Expr  (65)
	Expr : Expr . GREATER_EQUAL Expr  (66)
	Expr : Expr . AND Expr  (67)
	Expr : Expr . OR Expr  (68)
	ReturnStmt : RETURN Expr .  (91)

	AND  shift 111
	OR  shift 112
	LESS_EQUAL  shift 113
	GREATER_EQUAL  shift 114
	EQUAL  shift 115
	NOT_EQUAL  shift 116
	'+'  shift 117
	'-'  shift 118
	'*'  shift 119
	'/'  shift 120
	'%'  shift 121
	'>'  shift 122
	'<'  shift 123
	'.'  shift 124
	'['  shift 125
	';'  reduce 91


state 93
	Expr : LValue .  (53)

	.  reduce 53


state 94
	Expr : Call .  (54)

	.  reduce 54


state 95
	Expr : NEW IDENTIFIER . '(' ')'  (75)

	'('  shift 133
	.  error


state 96
	Type : Type . '[' ']'  (11)
	Expr : NEW Type . '[' Expr ']'  (76)

	'['  shift 134
	.  error


state 97
	PrintStmt : PRINT '(' . ExprList ')'  (93)
	Receiver : .  (49)

	NULL  shift 53
	THIS  shift 54
	NEW  shift 60
	READ_INTEGER  shift 62
	READ_LINE  shift 63
	LITERAL  shift 64
	INSTANCEOF  shift 65
	'-'  shift 66
	'!'  shift 67
	'('  shift 68
	IDENTIFIER  reduce 49

	Expr  goto 135
	LValue  goto 93
	Call  goto 94
	Receiver  goto 86
	Constant  goto 87
	ExprList  goto 136


state 98
	Expr : READ_INTEGER '(' . ')'  (72)

	')'  shift 137
	.  error


state 99
	Expr : READ_LINE '(' . ')'  (73)

	')'  shift 138
	.  error


state 100
	Expr : INSTANCEOF '(' . Expr ',' IDENTIFIER ')'  (77)
	Receiver : .  (49)

	NULL  shift 53
	THIS  shift 54
	NEW  shift 60
	READ_INTEGER  shift 62
	READ_LINE  shift 63
	LITERAL  shift 64
	INSTANCEOF  shift 65
	'-'  shift 66
	'!'  shift 67
	'('  shift 68
	IDENTIFIER  reduce 49

	Expr  goto 139
	LValue  goto 93
	Call  goto 94
	Receiver  goto 86
	Constant  goto 87


state 101
	Receiver : Expr . '.'  (48)
	LValue : Expr . '[' Expr ']'  (51)
	Expr : Expr . '+' Expr  (56)
	Expr : Expr . '-' Expr  (57)
	Expr : Expr . '*' Expr  (58)
	Expr : Expr . '/' Expr  (59)
	Expr : Expr . '%' Expr  (60)
	Expr : Expr . EQUAL Expr  (61)
	Expr : Expr . NOT_EQUAL Expr  (62)
	Expr : Expr . '<' Expr  (63)
	Expr : Expr . '>' Expr  (64)
	Expr : Expr . LESS_EQUAL Expr  (65)
	Expr : Expr . GREATER_EQUAL Expr  (66)
	Expr : Expr . AND Expr  (67)
	Expr : Expr . OR Expr  (68)
	Expr : '-' Expr .  (70)

	'.'  shift 124
	'['  shift 125
	AND  reduce 70
	OR  reduce 70
	LESS_EQUAL  reduce 70
	GREATER_EQUAL  reduce 70
	EQUAL  reduce 70
	NOT_EQUAL  reduce 70
	'+'  reduce 70
	'-'  reduce 70
	'*'  reduce 70
	'/'  reduce 70
	'%'  reduce 70
	'>'  reduce 70
	'<'  reduce 70
	','  reduce 70
	';'  reduce 70
	')'  reduce 70
	']'  reduce 70
	':'  reduce 70


state 102
	Receiver : Expr . '.'  (48)
	LValue : Expr . '[' Expr ']'  (51)
	Expr : Expr . '+' Expr  (56)
	Expr : Expr . '-' Expr  (57)
	Expr : Expr . '*' Expr  (58)
	Expr : Expr . '/' Expr  (59)
	Expr : Expr . '%' Expr  (60)
	Expr : Expr . EQUAL Expr  (61)
	Expr : Expr . NOT_EQUAL Expr  (62)
	Expr : Expr . '<' Expr  (63)
	Expr : Expr . '>' Expr  (64)
	Expr : Expr . LESS_EQUAL Expr  (65)
	Expr : Expr . GREATER_EQUAL Expr  (66)
	Expr : Expr . AND Expr  (67)
	Expr : Expr . OR Expr  (68)
	Expr : '!' Expr .  (71)

	'.'  shift 124
	'['  shift 125
	AND  reduce 71
	OR  reduce 71
	LESS_EQUAL  reduce 71
	GREATER_EQUAL  reduce 71
	EQUAL  reduce 71
	NOT_EQUAL  reduce 71
	'+'  reduce 71
	'-'  reduce 71
	'*'  reduce 71
	'/'  reduce 71
	'%'  reduce 71
	'>'  reduce 71
	'<'  reduce 71
	','  reduce 71
	';'  reduce 71
	')'  reduce 71
	']'  reduce 71
	':'  reduce 71


state 103
	Expr : '(' CLASS . IDENTIFIER ')' Expr  (78)

	IDENTIFIER  shift 140
	.  error


state 104
	Receiver : Expr . '.'  (48)
	LValue : Expr . '[' Expr ']'  (51)
	Expr : Expr . '+' Expr  (56)
	Expr : Expr . '-' Expr  (57)
	Expr : Expr . '*' Expr  (58)
	Expr : Expr . '/' Expr  (59)
	Expr : Expr . '%' Expr  (60)
	Expr : Expr . EQUAL Expr  (61)
	Expr : Expr . NOT_EQUAL Expr  (62)
	Expr : Expr . '<' Expr  (63)
	Expr : Expr . '>' Expr  (64)
	Expr : Expr . LESS_EQUAL Expr  (65)
	Expr : Expr . GREATER_EQUAL Expr  (66)
	Expr : Expr . AND Expr  (67)
	Expr : Expr . OR Expr  (68)
	Expr : '(' Expr . ')'  (69)

	AND  shift 111
	OR  shift 112
	LESS_EQUAL  shift 113
	GREATER_EQUAL  shift 114
	EQUAL  shift 115
	NOT_EQUAL  shift 116
	'+'  shift 117
	'-'  shift 118
	'*'  shift 119
	'/'  shift 120
	'%'  shift 121
	'>'  shift 122
	'<'  shift 123
	'.'  shift 124
	')'  shift 141
	'['  shift 125
	.  error


state 105
	OCStmt : SCOPY '(' . IDENTIFIER ',' Expr ')'  (39)

	IDENTIFIER  shift 142
	.  error


state 106
	Stmt : SimpleStmt ';' .  (29)

	.  reduce 29


state 107
	Stmt : ReturnStmt ';' .  (33)

	.  reduce 33


state 108
	Stmt : PrintStmt ';' .  (34)

	.  reduce 34


state 109
	Stmt : BreakStmt ';' .  (35)

	.  reduce 35


state 110
	Stmt : OCStmt ';' .  (36)

	.  reduce 36


state 111
	Expr : Expr AND . Expr  (67)
	Receiver : .  (49)

	NULL  shift 53
	THIS  shift 54
	NEW  shift 60
	READ_INTEGER  shift 62
	READ_LINE  shift 63
	LITERAL  shift 64
	INSTANCEOF  shift 65
	'-'  shift 66
	'!'  shift 67
	'('  shift 68
	IDENTIFIER  reduce 49

	Expr  goto 143
	LValue  goto 93
	Call  goto 94
	Receiver  goto 86
	Constant  goto 87


state 112
	Expr : Expr OR . Expr  (68)
	Receiver : .  (49)

	NULL  shift 53
	THIS  shift 54
	NEW  shift 60
	READ_INTEGER  shift 62
	READ_LINE  shift 63
	LITERAL  shift 64
	INSTANCEOF  shift 65
	'-'  shift 66
	'!'  shift 67
	'('  shift 68
	IDENTIFIER  reduce 49

	Expr  goto 144
	LValue  goto 93
	Call  goto 94
	Receiver  goto 86
	Constant  goto 87


state 113
	Expr : Expr LESS_EQUAL . Expr  (65)
	Receiver : .  (49)

	NULL  shift 53
	THIS  shift 54
	NEW  shift 60
	READ_INTEGER  shift 62
	READ_LINE  shift 63
	LITERAL  shift 64
	INSTANCEOF  shift 65
	'-'  shift 66
	'!'  shift 67
	'('  shift 68
	IDENTIFIER  reduce 49

	Expr  goto 145
	LValue  goto 93
	Call  goto 94
	Receiver  goto 86
	Constant  goto 87


state 114
	Expr : Expr GREATER_EQUAL . Expr  (66)
	Receiver : .  (49)

	NULL  shift 53
	THIS  shift 54
	NEW  shift 60
	READ_INTEGER  shift 62
	READ_LINE  shift 63
	LITERAL  shift 64
	INSTANCEOF  shift 65
	'-'  shift 66
	'!'  shift 67
	'('  shift 68
	IDENTIFIER  reduce 49

	Expr  goto 146
	LValue  goto 93
	Call  goto 94
	Receiver  goto 86
	Constant  goto 87


state 115
	Expr : Expr EQUAL . Expr  (61)
	Receiver : .  (49)

	NULL  shift 53
	THIS  shift 54
	NEW  shift 60
	READ_INTEGER  shift 62
	READ_LINE  shift 63
	LITERAL  shift 64
	INSTANCEOF  shift 65
	'-'  shift 66
	'!'  shift 67
	'('  shift 68
	IDENTIFIER  reduce 49

	Expr  goto 147
	LValue  goto 93
	Call  goto 94
	Receiver  goto 86
	Constant  goto 87


state 116
	Expr : Expr NOT_EQUAL . Expr  (62)
	Receiver : .  (49)

	NULL  shift 53
	THIS  shift 54
	NEW  shift 60
	READ_INTEGER  shift 62
	READ_LINE  shift 63
	LITERAL  shift 64
	INSTANCEOF  shift 65
	'-'  shift 66
	'!'  shift 67
	'('  shift 68
	IDENTIFIER  reduce 49

	Expr  goto 148
	LValue  goto 93
	Call  goto 94
	Receiver  goto 86
	Constant  goto 87


state 117
	Expr : Expr '+' . Expr  (56)
	Receiver : .  (49)

	NULL  shift 53
	THIS  shift 54
	NEW  shift 60
	READ_INTEGER  shift 62
	READ_LINE  shift 63
	LITERAL  shift 64
	INSTANCEOF  shift 65
	'-'  shift 66
	'!'  shift 67
	'('  shift 68
	IDENTIFIER  reduce 49

	Expr  goto 149
	LValue  goto 93
	Call  goto 94
	Receiver  goto 86
	Constant  goto 87


state 118
	Expr : Expr '-' . Expr  (57)
	Receiver : .  (49)

	NULL  shift 53
	THIS  shift 54
	NEW  shift 60
	READ_INTEGER  shift 62
	READ_LINE  shift 63
	LITERAL  shift 64
	INSTANCEOF  shift 65
	'-'  shift 66
	'!'  shift 67
	'('  shift 68
	IDENTIFIER  reduce 49

	Expr  goto 150
	LValue  goto 93
	Call  goto 94
	Receiver  goto 86
	Constant  goto 87


state 119
	Expr : Expr '*' . Expr  (58)
	Receiver : .  (49)

	NULL  shift 53
	THIS  shift 54
	NEW  shift 60
	READ_INTEGER  shift 62
	READ_LINE  shift 63
	LITERAL  shift 64
	INSTANCEOF  shift 65
	'-'  shift 66
	'!'  shift 67
	'('  shift 68
	IDENTIFIER  reduce 49

	Expr  goto 151
	LValue  goto 93
	Call  goto 94
	Receiver  goto 86
	Constant  goto 87


state 120
	Expr : Expr '/' . Expr  (59)
	Receiver : .  (49)

	NULL  shift 53
	THIS  shift 54
	NEW  shift 60
	READ_INTEGER  shift 62
	READ_LINE  shift 63
	LITERAL  shift 64
	INSTANCEOF  shift 65
	'-'  shift 66
	'!'  shift 67
	'('  shift 68
	IDENTIFIER  reduce 49

	Expr  goto 152
	LValue  goto 93
	Call  goto 94
	Receiver  goto 86
	Constant  goto 87


state 121
	Expr : Expr '%' . Expr  (60)
	Receiver : .  (49)

	NULL  shift 53
	THIS  shift 54
	NEW  shift 60
	READ_INTEGER  shift 62
	READ_LINE  shift 63
	LITERAL  shift 64
	INSTANCEOF  shift 65
	'-'  shift 66
	'!'  shift 67
	'('  shift 68
	IDENTIFIER  reduce 49

	Expr  goto 153
	LValue  goto 93
	Call  goto 94
	Receiver  goto 86
	Constant  goto 87


state 122
	Expr : Expr '>' . Expr  (64)
	Receiver : .  (49)

	NULL  shift 53
	THIS  shift 54
	NEW  shift 60
	READ_INTEGER  shift 62
	READ_LINE  shift 63
	LITERAL  shift 64
	INSTANCEOF  shift 65
	'-'  shift 66
	'!'  shift 67
	'('  shift 68
	IDENTIFIER  reduce 49

	Expr  goto 154
	LValue  goto 93
	Call  goto 94
	Receiver  goto 86
	Constant  goto 87


state 123
	Expr : Expr '<' . Expr  (63)
	Receiver : .  (49)

	NULL  shift 53
	THIS  shift 54
	NEW  shift 60
	READ_INTEGER  shift 62
	READ_LINE  shift 63
	LITERAL  shift 64
	INSTANCEOF  shift 65
	'-'  shift 66
	'!'  shift 67
	'('  shift 68
	IDENTIFIER  reduce 49

	Expr  goto 155
	LValue  goto 93
	Call  goto 94
	Receiver  goto 86
	Constant  goto 87


state 124
	Receiver : Expr '.' .  (48)

	.  reduce 48


state 125
	LValue : Expr '[' . Expr ']'  (51)
	Receiver : .  (49)

	NULL  shift 53
	THIS  shift 54
	NEW  shift 60
	READ_INTEGER  shift 62
	READ_LINE  shift 63
	LITERAL  shift 64
	INSTANCEOF  shift 65
	'-'  shift 66
	'!'  shift 67
	'('  shift 68
	IDENTIFIER  reduce 49

	Expr  goto 156
	LValue  goto 93
	Call  goto 94
	Receiver  goto 86
	Constant  goto 87


state 126
	SimpleStmt : LValue '=' . Expr  (45)
	Receiver : .  (49)

	NULL  shift 53
	THIS  shift 54
	NEW  shift 60
	READ_INTEGER  shift 62
	READ_LINE  shift 63
	LITERAL  shift 64
	INSTANCEOF  shift 65
	'-'  shift 66
	'!'  shift 67
	'('  shift 68
	IDENTIFIER  reduce 49

	Expr  goto 157
	LValue  goto 93
	Call  goto 94
	Receiver  goto 86
	Constant  goto 87


state 127
	LValue : Receiver IDENTIFIER .  (50)
	Call : Receiver IDENTIFIER . '(' Actuals ')'  (52)

	'('  shift 158
	AND  reduce 50
	OR  reduce 50
	LESS_EQUAL  reduce 50
	GREATER_EQUAL  reduce 50
	EQUAL  reduce 50
	NOT_EQUAL  reduce 50
	'+'  reduce 50
	'-'  reduce 50
	'*'  reduce 50
	'/'  reduce 50
	'%'  reduce 50
	'='  reduce 50
	'>'  reduce 50
	'<'  reduce 50
	'.'  reduce 50
	','  reduce 50
	';'  reduce 50
	')'  reduce 50
	'['  reduce 50
	']'  reduce 50
	':'  reduce 50


state 128
	Receiver : Expr . '.'  (48)
	LValue : Expr . '[' Expr ']'  (51)
	Expr : Expr . '+' Expr  (56)
	Expr : Expr . '-' Expr  (57)
	Expr : Expr . '*' Expr  (58)
	Expr : Expr . '/' Expr  (59)
	Expr : Expr . '%' Expr  (60)
	Expr : Expr . EQUAL Expr  (61)
	Expr : Expr . NOT_EQUAL Expr  (62)
	Expr : Expr . '<' Expr  (63)
	Expr : Expr . '>' Expr  (64)
	Expr : Expr . LESS_EQUAL Expr  (65)
	Expr : Expr . GREATER_EQUAL Expr  (66)
	Expr : Expr . AND Expr  (67)
	Expr : Expr . OR Expr  (68)
	WhileStmt : WHILE '(' Expr . ')' Stmt  (85)

	AND  shift 111
	OR  shift 112
	LESS_EQUAL  shift 113
	GREATER_EQUAL  shift 114
	EQUAL  shift 115
	NOT_EQUAL  shift 116
	'+'  shift 117
	'-'  shift 118
	'*'  shift 119
	'/'  shift 120
	'%'  shift 121
	'>'  shift 122
	'<'  shift 123
	'.'  shift 124
	')'  shift 159
	'['  shift 125
	.  error


state 129
	ForStmt : FOR '(' SimpleStmt . ';' Expr ';' SimpleStmt ')' Stmt  (86)

	';'  shift 160
	.  error


state 130
	Receiver : Expr . '.'  (48)
	LValue : Expr . '[' Expr ']'  (51)
	Expr : Expr . '+' Expr  (56)
	Expr : Expr . '-' Expr  (57)
	Expr : Expr . '*' Expr  (58)
	Expr : Expr . '/' Expr  (59)
	Expr : Expr . '%' Expr  (60)
	Expr : Expr . EQUAL Expr  (61)
	Expr : Expr . NOT_EQUAL Expr  (62)
	Expr : Expr . '<' Expr  (63)
	Expr : Expr . '>' Expr  (64)
	Expr : Expr . LESS_EQUAL Expr  (65)
	Expr : Expr . GREATER_EQUAL Expr  (66)
	Expr : Expr . AND Expr  (67)
	Expr : Expr . OR Expr  (68)
	IfStmt : IF '(' Expr . ')' Stmt ElseClause  (88)

	AND  shift 111
	OR  shift 112
	LESS_EQUAL  shift 113
	GREATER_EQUAL  shift 114
	EQUAL  shift 115
	NOT_EQUAL  shift 116
	'+'  shift 117
	'-'  shift 118
	'*'  shift 119
	'/'  shift 120
	'%'  shift 121
	'>'  shift 122
	'<'  shift 123
	'.'  shift 124
	')'  shift 161
	'['  shift 125
	.  error


state 131
	GuardedStmt : IF '{' '}' .  (41)

	.  reduce 41


state 132
	GuardedStmt : IF '{' GuardList . Guard '}'  (40)
	GuardList : GuardList . Guard SEP  (42)
	Receiver : .  (49)

	NULL  shift 53
	THIS  shift 54
	NEW  shift 60
	READ_INTEGER  shift 62
	READ_LINE  shift 63
	LITERAL  shift 64
	INSTANCEOF  shift 65
	'-'  shift 66
	'!'  shift 67
	'('  shift 68
	IDENTIFIER  reduce 49

	Expr  goto 162
	Guard  goto 163
	LValue  goto 93
	Call  goto 94
	Receiver  goto 86
	Constant  goto 87


state 133
	Expr : NEW IDENTIFIER '(' . ')'  (75)

	')'  shift 164
	.  error


state 134
	Type : Type '[' . ']'  (11)
	Expr : NEW Type '[' . Expr ']'  (76)
	Receiver : .  (49)

	NULL  shift 53
	THIS  shift 54
	NEW  shift 60
	READ_INTEGER  shift 62
	READ_LINE  shift 63
	LITERAL  shift 64
	INSTANCEOF  shift 65
	'-'  shift 66
	'!'  shift 67
	'('  shift 68
	']'  shift 37
	IDENTIFIER  reduce 49

	Expr  goto 165
	LValue  goto 93
	Call  goto 94
	Receiver  goto 86
	Constant  goto 87


state 135
	Receiver : Expr . '.'  (48)
	LValue : Expr . '[' Expr ']'  (51)
	Expr : Expr . '+' Expr  (56)
	Expr : Expr . '-' Expr  (57)
	Expr : Expr . '*' Expr  (58)
	Expr : Expr . '/' Expr  (59)
	Expr : Expr . '%' Expr  (60)
	Expr : Expr . EQUAL Expr  (61)
	Expr : Expr . NOT_EQUAL Expr  (62)
	Expr : Expr . '<' Expr  (63)
	Expr : Expr . '>' Expr  (64)
	Expr : Expr . LESS_EQUAL Expr  (65)
	Expr : Expr . GREATER_EQUAL Expr  (66)
	Expr : Expr . AND Expr  (67)
	Expr : Expr . OR Expr  (68)
	ExprList : Expr .  (84)

	AND  shift 111
	OR  shift 112
	LESS_EQUAL  shift 113
	GREATER_EQUAL  shift 114
	EQUAL  shift 115
	NOT_EQUAL  shift 116
	'+'  shift 117
	'-'  shift 118
	'*'  shift 119
	'/'  shift 120
	'%'  shift 121
	'>'  shift 122
	'<'  shift 123
	'.'  shift 124
	'['  shift 125
	','  reduce 84
	')'  reduce 84


state 136
	ExprList : ExprList . ',' Expr  (83)
	PrintStmt : PRINT '(' ExprList . ')'  (93)

	','  shift 166
	')'  shift 167
	.  error


state 137
	Expr : READ_INTEGER '(' ')' .  (72)

	.  reduce 72


state 138
	Expr : READ_LINE '(' ')' .  (73)

	.  reduce 73


state 139
	Receiver : Expr . '.'  (48)
	LValue : Expr . '[' Expr ']'  (51)
	Expr : Expr . '+' Expr  (56)
	Expr : Expr . '-' Expr  (57)
	Expr : Expr . '*' Expr  (58)
	Expr : Expr . '/' Expr  (59)
	Expr : Expr . '%' Expr  (60)
	Expr : Expr . EQUAL Expr  (61)
	Expr : Expr . NOT_EQUAL Expr  (62)
	Expr : Expr . '<' Expr  (63)
	Expr : Expr . '>' Expr  (64)
	Expr : Expr . LESS_EQUAL Expr  (65)
	Expr : Expr . GREATER_EQUAL Expr  (66)
	Expr : Expr . AND Expr  (67)
	Expr : Expr . OR Expr  (68)
	Expr : INSTANCEOF '(' Expr . ',' IDENTIFIER ')'  (77)

	AND  shift 111
	OR  shift 112
	LESS_EQUAL  shift 113
	GREATER_EQUAL  shift 114
	EQUAL  shift 115
	NOT_EQUAL  shift 116
	'+'  shift 117
	'-'  shift 118
	'*'  shift 119
	'/'  shift 120
	'%'  shift 121
	'>'  shift 122
	'<'  shift 123
	'.'  shift 124
	','  shift 168
	'['  shift 125
	.  error


state 140
	Expr : '(' CLASS IDENTIFIER . ')' Expr  (78)

	')'  shift 169
	.  error


state 141
	Expr : '(' Expr ')' .  (69)

	.  reduce 69


state 142
	OCStmt : SCOPY '(' IDENTIFIER . ',' Expr ')'  (39)

	','  shift 170
	.  error


state 143
	Receiver : Expr . '.'  (48)
	LValue : Expr . '[' Expr ']'  (51)
	Expr : Expr . '+' Expr  (56)
	Expr : Expr . '-' Expr  (57)
	Expr : Expr . '*' Expr  (58)
	Expr : Expr . '/' Expr  (59)
	Expr : Expr . '%' Expr  (60)
	Expr : Expr . EQUAL Expr  (61)
	Expr : Expr . NOT_EQUAL Expr  (62)
	Expr : Expr . '<' Expr  (63)
	Expr : Expr . '>' Expr  (64)
	Expr : Expr . LESS_EQUAL Expr  (65)
	Expr : Expr . GREATER_EQUAL Expr  (66)
	Expr : Expr . AND Expr  (67)
	Expr : Expr AND Expr .  (67)
	Expr : Expr . OR Expr  (68)

	LESS_EQUAL  shift 113
	GREATER_EQUAL  shift 114
	EQUAL  shift 115
	NOT_EQUAL  shift 116
	'+'  shift 117
	'-'  shift 118
	'*'  shift 119
	'/'  shift 120
	'%'  shift 121
	'>'  shift 122
	'<'  shift 123
	'.'  shift 124
	'['  shift 125
	AND  reduce 67
	OR  reduce 67
	','  reduce 67
	';'  reduce 67
	')'  reduce 67
	']'  reduce 67
	':'  reduce 67


state 144
	Receiver : Expr . '.'  (48)
	LValue : Expr . '[' Expr ']'  (51)
	Expr : Expr . '+' Expr  (56)
	Expr : Expr . '-' Expr  (57)
	Expr : Expr . '*' Expr  (58)
	Expr : Expr . '/' Expr  (59)
	Expr : Expr . '%' Expr  (60)
	Expr : Expr . EQUAL Expr  (61)
	Expr : Expr . NOT_EQUAL Expr  (62)
	Expr : Expr . '<' Expr  (63)
	Expr : Expr . '>' Expr  (64)
	Expr : Expr . LESS_EQUAL Expr  (65)
	Expr : Expr . GREATER_EQUAL Expr  (66)
	Expr : Expr . AND Expr  (67)
	Expr : Expr . OR Expr  (68)
	Expr : Expr OR Expr .  (68)

	AND  shift 111
	LESS_EQUAL  shift 113
	GREATER_EQUAL  shift 114
	EQUAL  shift 115
	NOT_EQUAL  shift 116
	'+'  shift 117
	'-'  shift 118
	'*'  shift 119
	'/'  shift 120
	'%'  shift 121
	'>'  shift 122
	'<'  shift 123
	'.'  shift 124
	'['  shift 125
	OR  reduce 68
	','  reduce 68
	';'  reduce 68
	')'  reduce 68
	']'  reduce 68
	':'  reduce 68


state 145
	Receiver : Expr . '.'  (48)
	LValue : Expr . '[' Expr ']'  (51)
	Expr : Expr . '+' Expr  (56)
	Expr : Expr . '-' Expr  (57)
	Expr : Expr . '*' Expr  (58)
	Expr : Expr . '/' Expr  (59)
	Expr : Expr . '%' Expr  (60)
	Expr : Expr . EQUAL Expr  (61)
	Expr : Expr . NOT_EQUAL Expr  (62)
	Expr : Expr . '<' Expr  (63)
	Expr : Expr . '>' Expr  (64)
	Expr : Expr . LESS_EQUAL Expr  (65)
	Expr : Expr LESS_EQUAL Expr .  (65)
	Expr : Expr . GREATER_EQUAL Expr  (66)
	Expr : Expr . AND Expr  (67)
	Expr : Expr . OR Expr  (68)

	'+'  shift 117
	'-'  shift 118
	'*'  shift 119
	'/'  shift 120
	'%'  shift 121
	'.'  shift 124
	'['  shift 125
	AND  reduce 65
	OR  reduce 65
	EQUAL  reduce 65
	NOT_EQUAL  reduce 65
	','  reduce 65
	';'  reduce 65
	')'  reduce 65
	']'  reduce 65
	':'  reduce 65


state 146
	Receiver : Expr . '.'  (48)
	LValue : Expr . '[' Expr ']'  (51)
	Expr : Expr . '+' Expr  (56)
	Expr : Expr . '-' Expr  (57)
	Expr : Expr . '*' Expr  (58)
	Expr : Expr . '/' Expr  (59)
	Expr : Expr . '%' Expr  (60)
	Expr : Expr . EQUAL Expr  (61)
	Expr : Expr . NOT_EQUAL Expr  (62)
	Expr : Expr . '<' Expr  (63)
	Expr : Expr . '>' Expr  (64)
	Expr : Expr . LESS_EQUAL Expr  (65)
	Expr : Expr . GREATER_EQUAL Expr  (66)
	Expr : Expr GREATER_EQUAL Expr .  (66)
	Expr : Expr . AND Expr  (67)
	Expr : Expr . OR Expr  (68)

	'+'  shift 117
	'-'  shift 118
	'*'  shift 119
	'/'  shift 120
	'%'  shift 121
	'.'  shift 124
	'['  shift 125
	AND  reduce 66
	OR  reduce 66
	EQUAL  reduce 66
	NOT_EQUAL  reduce 66
	','  reduce 66
	';'  reduce 66
	')'  reduce 66
	']'  reduce 66
	':'  reduce 66


state 147
	Receiver : Expr . '.'  (48)
	LValue : Expr . '[' Expr ']'  (51)
	Expr : Expr . '+' Expr  (56)
	Expr : Expr . '-' Expr  (57)
	Expr : Expr . '*' Expr  (58)
	Expr : Expr . '/' Expr  (59)
	Expr : Expr . '%' Expr  (60)
	Expr : Expr . EQUAL Expr  (61)
	Expr : Expr EQUAL Expr .  (61)
	Expr : Expr . NOT_EQUAL Expr  (62)
	Expr : Expr . '<' Expr  (63)
	Expr : Expr . '>' Expr  (64)
	Expr : Expr . LESS_EQUAL Expr  (65)
	Expr : Expr . GREATER_EQUAL Expr  (66)
	Expr : Expr . AND Expr  (67)
	Expr : Expr . OR Expr  (68)

	LESS_EQUAL  shift 113
	GREATER_EQUAL  shift 114
	'+'  shift 117
	'-'  shift 118
	'*'  shift 119
	'/'  shift 120
	'%'  shift 121
	'>'  shift 122
	'<'  shift 123
	'.'  shift 124
	'['  shift 125
	AND  reduce 61
	OR  reduce 61
	','  reduce 61
	';'  reduce 61
	')'  reduce 61
	']'  reduce 61
	':'  reduce 61


state 148
	Receiver : Expr . '.'  (48)
	LValue : Expr . '[' Expr ']'  (51)
	Expr : Expr . '+' Expr  (56)
	Expr : Expr . '-' Expr  (57)
	Expr : Expr . '*' Expr  (58)
	Expr : Expr . '/' Expr  (59)
	Expr : Expr . '%' Expr  (60)
	Expr : Expr . EQUAL Expr  (61)
	Expr : Expr . NOT_EQUAL Expr  (62)
	Expr : Expr NOT_EQUAL Expr .  (62)
	Expr : Expr . '<' Expr  (63)
	Expr : Expr . '>' Expr  (64)
	Expr : Expr . LESS_EQUAL Expr  (65)
	Expr : Expr . GREATER_EQUAL Expr  (66)
	Expr : Expr . AND Expr  (67)
	Expr : Expr . OR Expr  (68)

	LESS_EQUAL  shift 113
	GREATER_EQUAL  shift 114
	'+'  shift 117
	'-'  shift 118
	'*'  shift 119
	'/'  shift 120
	'%'  shift 121
	'>'  shift 122
	'<'  shift 123
	'.'  shift 124
	'['  shift 125
	AND  reduce 62
	OR  reduce 62
	','  reduce 62
	';'  reduce 62
	')'  reduce 62
	']'  reduce 62
	':'  reduce 62


state 149
	Receiver : Expr . '.'  (48)
	LValue : Expr . '[' Expr ']'  (51)
	Expr : Expr . '+' Expr  (56)
	Expr : Expr '+' Expr .  (56)
	Expr : Expr . '-' Expr  (57)
	Expr : Expr . '*' Expr  (58)
	Expr : Expr . '/' Expr  (59)
	Expr : Expr . '%' Expr  (60)
	Expr : Expr . EQUAL Expr  (61)
	Expr : Expr . NOT_EQUAL Expr  (62)
	Expr : Expr . '<' Expr  (63)
	Expr : Expr . '>' Expr  (64)
	Expr : Expr . LESS_EQUAL Expr  (65)
	Expr : Expr . GREATER_EQUAL Expr  (66)
	Expr : Expr . AND Expr  (67)
	Expr : Expr . OR Expr  (68)

	'*'  shift 119
	'/'  shift 120
	'%'  shift 121
	'.'  shift 124
	'['  shift 125
	AND  reduce 56
	OR  reduce 56
	LESS_EQUAL  reduce 56
	GREATER_EQUAL  reduce 56
	EQUAL  reduce 56
	NOT_EQUAL  reduce 56
	'+'  reduce 56
	'-'  reduce 56
	'>'  reduce 56
	'<'  reduce 56
	','  reduce 56
	';'  reduce 56
	')'  reduce 56
	']'  reduce 56
	':'  reduce 56


state 150
	Receiver : Expr . '.'  (48)
	LValue : Expr . '[' Expr ']'  (51)
	Expr : Expr . '+' Expr  (56)
	Expr : Expr . '-' Expr  (57)
	Expr : Expr '-' Expr .  (57)
	Expr : Expr . '*' Expr  (58)
	Expr : Expr . '/' Expr  (59)
	Expr : Expr . '%' Expr  (60)
	Expr : Expr . EQUAL Expr  (61)
	Expr : Expr . NOT_EQUAL Expr  (62)
	Expr : Expr . '<' Expr  (63)
	Expr : Expr . '>' Expr  (64)
	Expr : Expr . LESS_EQUAL Expr  (65)
	Expr : Expr . GREATER_EQUAL Expr  (66)
	Expr : Expr . AND Expr  (67)
	Expr : Expr . OR Expr  (68)

	'*'  shift 119
	'/'  shift 120
	'%'  shift 121
	'.'  shift 124
	'['  shift 125
	AND  reduce 57
	OR  reduce 57
	LESS_EQUAL  reduce 57
	GREATER_EQUAL  reduce 57
	EQUAL  reduce 57
	NOT_EQUAL  reduce 57
	'+'  reduce 57
	'-'  reduce 57
	'>'  reduce 57
	'<'  reduce 57
	','  reduce 57
	';'  reduce 57
	')'  reduce 57
	']'  reduce 57
	':'  reduce 57


state 151
	Receiver : Expr . '.'  (48)
	LValue : Expr . '[' Expr ']'  (51)
	Expr : Expr . '+' Expr  (56)
	Expr : Expr . '-' Expr  (57)
	Expr : Expr . '*' Expr  (58)
	Expr : Expr '*' Expr .  (58)
	Expr : Expr . '/' Expr  (59)
	Expr : Expr . '%' Expr  (60)
	Expr : Expr . EQUAL Expr  (61)
	Expr : Expr . NOT_EQUAL Expr  (62)
	Expr : Expr . '<' Expr  (63)
	Expr : Expr . '>' Expr  (64)
	Expr : Expr . LESS_EQUAL Expr  (65)
	Expr : Expr . GREATER_EQUAL Expr  (66)
	Expr : Expr . AND Expr  (67)
	Expr : Expr . OR Expr  (68)

	'.'  shift 124
	'['  shift 125
	AND  reduce 58
	OR  reduce 58
	LESS_EQUAL  reduce 58
	GREATER_EQUAL  reduce 58
	EQUAL  reduce 58
	NOT_EQUAL  reduce 58
	'+'  reduce 58
	'-'  reduce 58
	'*'  reduce 58
	'/'  reduce 58
	'%'  reduce 58
	'>'  reduce 58
	'<'  reduce 58
	','  reduce 58
	';'  reduce 58
	')'  reduce 58
	']'  reduce 58
	':'  reduce 58


state 152
	Receiver : Expr . '.'  (48)
	LValue : Expr . '[' Expr ']'  (51)
	Expr : Expr . '+' Expr  (56)
	Expr : Expr . '-' Expr  (57)
	Expr : Expr . '*' Expr  (58)
	Expr : Expr . '/' Expr  (59)
	Expr : Expr '/' Expr .  (59)
	Expr : Expr . '%' Expr  (60)
	Expr : Expr . EQUAL Expr  (61)
	Expr : Expr . NOT_EQUAL Expr  (62)
	Expr : Expr . '<' Expr  (63)
	Expr : Expr . '>' Expr  (64)
	Expr : Expr . LESS_EQUAL Expr  (65)
	Expr : Expr . GREATER_EQUAL Expr  (66)
	Expr : Expr . AND Expr  (67)
	Expr : Expr . OR Expr  (68)

	'.'  shift 124
	'['  shift 125
	AND  reduce 59
	OR  reduce 59
	LESS_EQUAL  reduce 59
	GREATER_EQUAL  reduce 59
	EQUAL  reduce 59
	NOT_EQUAL  reduce 59
	'+'  reduce 59
	'-'  reduce 59
	'*'  reduce 59
	'/'  reduce 59
	'%'  reduce 59
	'>'  reduce 59
	'<'  reduce 59
	','  reduce 59
	';'  reduce 59
	')'  reduce 59
	']'  reduce 59
	':'  reduce 59


state 153
	Receiver : Expr . '.'  (48)
	LValue : Expr . '[' Expr ']'  (51)
	Expr : Expr . '+' Expr  (56)
	Expr : Expr . '-' Expr  (57)
	Expr : Expr . '*' Expr  (58)
	Expr : Expr . '/' Expr  (59)
	Expr : Expr . '%' Expr  (60)
	Expr : Expr '%' Expr .  (60)
	Expr : Expr . EQUAL Expr  (61)
	Expr : Expr . NOT_EQUAL Expr  (62)
	Expr : Expr . '<' Expr  (63)
	Expr : Expr . '>' Expr  (64)
	Expr : Expr . LESS_EQUAL Expr  (65)
	Expr : Expr . GREATER_EQUAL Expr  (66)
	Expr : Expr . AND Expr  (67)
	Expr : Expr . OR Expr  (68)

	'.'  shift 124
	'['  shift 125
	AND  reduce 60
	OR  reduce 60
	LESS_EQUAL  reduce 60
	GREATER_EQUAL  reduce 60
	EQUAL  reduce 60
	NOT_EQUAL  reduce 60
	'+'  reduce 60
	'-'  reduce 60
	'*'  reduce 60
	'/'  reduce 60
	'%'  reduce 60
	'>'  reduce 60
	'<'  reduce 60
	','  reduce 60
	';'  reduce 60
	')'  reduce 60
	']'  reduce 60
	':'  reduce 60


state 154
	Receiver : Expr . '.'  (48)
	LValue : Expr . '[' Expr ']'  (51)
	Expr : Expr . '+' Expr  (56)
	Expr : Expr . '-' Expr  (57)
	Expr : Expr . '*' Expr  (58)
	Expr : Expr . '/' Expr  (59)
	Expr : Expr . '%' Expr  (60)
	Expr : Expr . EQUAL Expr  (61)
	Expr : Expr . NOT_EQUAL Expr  (62)
	Expr : Expr . '<' Expr  (63)
	Expr : Expr . '>' Expr  (64)
	Expr : Expr '>' Expr .  (64)
	Expr : Expr . LESS_EQUAL Expr  (65)
	Expr : Expr . GREATER_EQUAL Expr  (66)
	Expr : Expr . AND Expr  (67)
	Expr : Expr . OR Expr  (68)

	'+'  shift 117
	'-'  shift 118
	'*'  shift 119
	'/'  shift 120
	'%'  shift 121
	'.'  shift 124
	'['  shift 125
	AND  reduce 64
	OR  reduce 64
	EQUAL  reduce 64
	NOT_EQUAL  reduce 64
	','  reduce 64
	';'  reduce 64
	')'  reduce 64
	']'  reduce 64
	':'  reduce 64


state 155
	Receiver : Expr . '.'  (48)
	LValue : Expr . '[' Expr ']'  (51)
	Expr : Expr . '+' Expr  (56)
	Expr : Expr . '-' Expr  (57)
	Expr : Expr . '*' Expr  (58)
	Expr : Expr . '/' Expr  (59)
	Expr : Expr . '%' Expr  (60)
	Expr : Expr . EQUAL Expr  (61)
	Expr : Expr . NOT_EQUAL Expr  (62)
	Expr : Expr . '<' Expr  (63)
	Expr : Expr '<' Expr .  (63)
	Expr : Expr . '>' Expr  (64)
	Expr : Expr . LESS_EQUAL Expr  (65)
	Expr : Expr . GREATER_EQUAL Expr  (66)
	Expr : Expr . AND Expr  (67)
	Expr : Expr . OR Expr  (68)

	'+'  shift 117
	'-'  shift 118
	'*'  shift 119
	'/'  shift 120
	'%'  shift 121
	'.'  shift 124
	'['  shift 125
	AND  reduce 63
	OR  reduce 63
	EQUAL  reduce 63
	NOT_EQUAL  reduce 63
	','  reduce 63
	';'  reduce 63
	')'  reduce 63
	']'  reduce 63
	':'  reduce 63


state 156
	Receiver : Expr . '.'  (48)
	LValue : Expr . '[' Expr ']'  (51)
	LValue : Expr '[' Expr . ']'  (51)
	Expr : Expr . '+' Expr  (56)
	Expr : Expr . '-' Expr  (57)
	Expr : Expr . '*' Expr  (58)
	Expr : Expr . '/' Expr  (59)
	Expr : Expr . '%' Expr  (60)
	Expr : Expr . EQUAL Expr  (61)
	Expr : Expr . NOT_EQUAL Expr  (62)
	Expr : Expr . '<' Expr  (63)
	Expr : Expr . '>' Expr  (64)
	Expr : Expr . LESS_EQUAL Expr  (65)
	Expr : Expr . GREATER_EQUAL Expr  (66)
	Expr : Expr . AND Expr  (67)
	Expr : Expr . OR Expr  (68)

	AND  shift 111
	OR  shift 112
	LESS_EQUAL  shift 113
	GREATER_EQUAL  shift 114
	EQUAL  shift 115
	NOT_EQUAL  shift 116
	'+'  shift 117
	'-'  shift 118
	'*'  shift 119
	'/'  shift 120
	'%'  shift 121
	'>'  shift 122
	'<'  shift 123
	'.'  shift 124
	'['  shift 125
	']'  shift 171
	.  error


state 157
	SimpleStmt : LValue '=' Expr .  (45)
	Receiver : Expr . '.'  (48)
	LValue : Expr . '[' Expr ']'  (51)
	Expr : Expr . '+' Expr  (56)
	Expr : Expr . '-' Expr  (57)
	Expr : Expr . '*' Expr  (58)
	Expr : Expr . '/' Expr  (59)
	Expr : Expr . '%' Expr  (60)
	Expr : Expr . EQUAL Expr  (61)
	Expr : Expr . NOT_EQUAL Expr  (62)
	Expr : Expr . '<' Expr  (63)
	Expr : Expr . '>' Expr  (64)
	Expr : Expr . LESS_EQUAL Expr  (65)
	Expr : Expr . GREATER_EQUAL Expr  (66)
	Expr : Expr . AND Expr  (67)
	Expr : Expr . OR Expr  (68)

	AND  shift 111
	OR  shift 112
	LESS_EQUAL  shift 113
	GREATER_EQUAL  shift 114
	EQUAL  shift 115
	NOT_EQUAL  shift 116
	'+'  shift 117
	'-'  shift 118
	'*'  shift 119
	'/'  shift 120
	'%'  shift 121
	'>'  shift 122
	'<'  shift 123
	'.'  shift 124
	'['  shift 125
	';'  reduce 45
	')'  reduce 45


state 158
	Call : Receiver IDENTIFIER '(' . Actuals ')'  (52)
	Receiver : .  (49)
	Actuals : .  (82)

	NULL  shift 53
	THIS  shift 54
	NEW  shift 60
	READ_INTEGER  shift 62
	READ_LINE  shift 63
	LITERAL  shift 64
	INSTANCEOF  shift 65
	'-'  shift 66
	'!'  shift 67
	'('  shift 68
	IDENTIFIER  reduce 49
	')'  reduce 82

	Expr  goto 135
	LValue  goto 93
	Call  goto 94
	Receiver  goto 86
	Actuals  goto 172
	Constant  goto 87
	ExprList  goto 173


state 159
	WhileStmt : WHILE '(' Expr ')' . Stmt  (85)
	SimpleStmt : .  (47)
	Receiver : .  (49)

	VOID  shift 17
	BOOL  shift 18
	INT  shift 19
	STRING  shift 20
	CLASS  shift 21
	NULL  shift 53
	THIS  shift 54
	WHILE  shift 55
	FOR  shift 56
	IF  shift 57
	RETURN  shift 58
	BREAK  shift 59
	NEW  shift 60
	PRINT  shift 61
	READ_INTEGER  shift 62
	READ_LINE  shift 63
	LITERAL  shift 64
	INSTANCEOF  shift 65
	'-'  shift 66
	'!'  shift 67
	'('  shift 68
	'{'  shift 48
	SCOPY  shift 70
	IDENTIFIER  reduce 49
	';'  reduce 47

	VariableDef  goto 71
	Variable  goto 25
	Type  goto 40
	StmtBlock  goto 72
	Stmt  goto 174
	SimpleStmt  goto 74
	IfStmt  goto 75
	WhileStmt  goto 76
	ForStmt  goto 77
	ReturnStmt  goto 78
	PrintStmt  goto 79
	BreakStmt  goto 80
	OCStmt  goto 81
	GuardedStmt  goto 82
	Expr  goto 83
	LValue  goto 84
	Call  goto 85
	Receiver  goto 86
	Constant  goto 87


state 160
	ForStmt : FOR '(' SimpleStmt ';' . Expr ';' SimpleStmt ')' Stmt  (86)
	Receiver : .  (49)

	NULL  shift 53
	THIS  shift 54
	NEW  shift 60
	READ_INTEGER  shift 62
	READ_LINE  shift 63
	LITERAL  shift 64
	INSTANCEOF  shift 65
	'-'  shift 66
	'!'  shift 67
	'('  shift 68
	IDENTIFIER  reduce 49

	Expr  goto 175
	LValue  goto 93
	Call  goto 94
	Receiver  goto 86
	Constant  goto 87


state 161
	IfStmt : IF '(' Expr ')' . Stmt ElseClause  (88)
	SimpleStmt : .  (47)
	Receiver : .  (49)

	VOID  shift 17
	BOOL  shift 18
	INT  shift 19
	STRING  shift 20
	CLASS  shift 21
	NULL  shift 53
	THIS  shift 54
	WHILE  shift 55
	FOR  shift 56
	IF  shift 57
	RETURN  shift 58
	BREAK  shift 59
	NEW  shift 60
	PRINT  shift 61
	READ_INTEGER  shift 62
	READ_LINE  shift 63
	LITERAL  shift 64
	INSTANCEOF  shift 65
	'-'  shift 66
	'!'  shift 67
	'('  shift 68
	'{'  shift 48
	SCOPY  shift 70
	IDENTIFIER  reduce 49
	';'  reduce 47

	VariableDef  goto 71
	Variable  goto 25
	Type  goto 40
	StmtBlock  goto 72
	Stmt  goto 176
	SimpleStmt  goto 74
	IfStmt  goto 75
	WhileStmt  goto 76
	ForStmt  goto 77
	ReturnStmt  goto 78
	PrintStmt  goto 79
	BreakStmt  goto 80
	OCStmt  goto 81
	GuardedStmt  goto 82
	Expr  goto 83
	LValue  goto 84
	Call  goto 85
	Receiver  goto 86
	Constant  goto 87


state 162
	Guard : Expr . ':' Stmt  (44)
	Receiver : Expr . '.'  (48)
	LValue : Expr . '[' Expr ']'  (51)
	Expr : Expr . '+' Expr  (56)
	Expr : Expr . '-' Expr  (57)
	Expr : Expr . '*' Expr  (58)
	Expr : Expr . '/' Expr  (59)
	Expr : Expr . '%' Expr  (60)
	Expr : Expr . EQUAL Expr  (61)
	Expr : Expr . NOT_EQUAL Expr  (62)
	Expr : Expr . '<' Expr  (63)
	Expr : Expr . '>' Expr  (64)
	Expr : Expr . LESS_EQUAL Expr  (65)
	Expr : Expr . GREATER_EQUAL Expr  (66)
	Expr : Expr . AND Expr  (67)
	Expr : Expr . OR Expr  (68)

	AND  shift 111
	OR  shift 112
	LESS_EQUAL  shift 113
	GREATER_EQUAL  shift 114
	EQUAL  shift 115
	NOT_EQUAL  shift 116
	'+'  shift 117
	'-'  shift 118
	'*'  shift 119
	'/'  shift 120
	'%'  shift 121
	'>'  shift 122
	'<'  shift 123
	'.'  shift 124
	'['  shift 125
	':'  shift 177
	.  error


state 163
	GuardedStmt : IF '{' GuardList Guard . '}'  (40)
	GuardList : GuardList Guard . SEP  (42)

	'}'  shift 178
	SEP  shift 179
	.  error


state 164
	Expr : NEW IDENTIFIER '(' ')' .  (75)

	.  reduce 75


state 165
	Receiver : Expr . '.'  (48)
	LValue : Expr . '[' Expr ']'  (51)
	Expr : Expr . '+' Expr  (56)
	Expr : Expr . '-' Expr  (57)
	Expr : Expr . '*' Expr  (58)
	Expr : Expr . '/' Expr  (59)
	Expr : Expr . '%' Expr  (60)
	Expr : Expr . EQUAL Expr  (61)
	Expr : Expr . NOT_EQUAL Expr  (62)
	Expr : Expr . '<' Expr  (63)
	Expr : Expr . '>' Expr  (64)
	Expr : Expr . LESS_EQUAL Expr  (65)
	Expr : Expr . GREATER_EQUAL Expr  (66)
	Expr : Expr . AND Expr  (67)
	Expr : Expr . OR Expr  (68)
	Expr : NEW Type '[' Expr . ']'  (76)

	AND  shift 111
	OR  shift 112
	LESS_EQUAL  shift 113
	GREATER_EQUAL  shift 114
	EQUAL  shift 115
	NOT_EQUAL  shift 116
	'+'  shift 117
	'-'  shift 118
	'*'  shift 119
	'/'  shift 120
	'%'  shift 121
	'>'  shift 122
	'<'  shift 123
	'.'  shift 124
	'['  shift 125
	']'  shift 180
	.  error


state 166
	ExprList : ExprList ',' . Expr  (83)
	Receiver : .  (49)

	NULL  shift 53
	THIS  shift 54
	NEW  shift 60
	READ_INTEGER  shift 62
	READ_LINE  shift 63
	LITERAL  shift 64
	INSTANCEOF  shift 65
	'-'  shift 66
	'!'  shift 67
	'('  shift 68
	IDENTIFIER  reduce 49

	Expr  goto 181
	LValue  goto 93
	Call  goto 94
	Receiver  goto 86
	Constant  goto 87


state 167
	PrintStmt : PRINT '(' ExprList ')' .  (93)

	.  reduce 93


state 168
	Expr : INSTANCEOF '(' Expr ',' . IDENTIFIER ')'  (77)

	IDENTIFIER  shift 182
	.  error


state 169
	Expr : '(' CLASS IDENTIFIER ')' . Expr  (78)
	Receiver : .  (49)

	NULL  shift 53
	THIS  shift 54
	NEW  shift 60
	READ_INTEGER  shift 62
	READ_LINE  shift 63
	LITERAL  shift 64
	INSTANCEOF  shift 65
	'-'  shift 66
	'!'  shift 67
	'('  shift 68
	IDENTIFIER  reduce 49

	Expr  goto 183
	LValue  goto 93
	Call  goto 94
	Receiver  goto 86
	Constant  goto 87


state 170
	OCStmt : SCOPY '(' IDENTIFIER ',' . Expr ')'  (39)
	Receiver : .  (49)

	NULL  shift 53
	THIS  shift 54
	NEW  shift 60
	READ_INTEGER  shift 62
	READ_LINE  shift 63
	LITERAL  shift 64
	INSTANCEOF  shift 65
	'-'  shift 66
	'!'  shift 67
	'('  shift 68
	IDENTIFIER  reduce 49

	Expr  goto 184
	LValue  goto 93
	Call  goto 94
	Receiver  goto 86
	Constant  goto 87


state 171
	LValue : Expr '[' Expr ']' .  (51)

	.  reduce 51


state 172
	Call : Receiver IDENTIFIER '(' Actuals . ')'  (52)

	')'  shift 185
	.  error


state 173
	Actuals : ExprList .  (81)
	ExprList : ExprList . ',' Expr  (83)

	','  shift 166
	')'  reduce 81


state 174
	WhileStmt : WHILE '(' Expr ')' Stmt .  (85)

	.  reduce 85


state 175
	Receiver : Expr . '.'  (48)
	LValue : Expr . '[' Expr ']'  (51)
	Expr : Expr . '+' Expr  (56)
	Expr : Expr . '-' Expr  (57)
	Expr : Expr . '*' Expr  (58)
	Expr : Expr . '/' Expr  (59)
	Expr : Expr . '%' Expr  (60)
	Expr : Expr . EQUAL Expr  (61)
	Expr : Expr . NOT_EQUAL Expr  (62)
	Expr : Expr . '<' Expr  (63)
	Expr : Expr . '>' Expr  (64)
	Expr : Expr . LESS_EQUAL Expr  (65)
	Expr : Expr . GREATER_EQUAL Expr  (66)
	Expr : Expr . AND Expr  (67)
	Expr : Expr . OR Expr  (68)
	ForStmt : FOR '(' SimpleStmt ';' Expr . ';' SimpleStmt ')' Stmt  (86)

	AND  shift 111
	OR  shift 112
	LESS_EQUAL  shift 113
	GREATER_EQUAL  shift 114
	EQUAL  shift 115
	NOT_EQUAL  shift 116
	'+'  shift 117
	'-'  shift 118
	'*'  shift 119
	'/'  shift 120
	'%'  shift 121
	'>'  shift 122
	'<'  shift 123
	'.'  shift 124
	';'  shift 186
	'['  shift 125
	.  error


state 176
	IfStmt : IF '(' Expr ')' Stmt . ElseClause  (88)
	ElseClause : .  (90)

	ELSE  shift 187
	VOID  reduce 90
	BOOL  reduce 90
	INT  reduce 90
	STRING  reduce 90
	CLASS  reduce 90
	NULL  reduce 90
	THIS  reduce 90
	WHILE  reduce 90
	FOR  reduce 90
	IF  reduce 90
	RETURN  reduce 90
	BREAK  reduce 90
	NEW  reduce 90
	PRINT  reduce 90
	READ_INTEGER  reduce 90
	READ_LINE  reduce 90
	LITERAL  reduce 90
	IDENTIFIER  reduce 90
	INSTANCEOF  reduce 90
	'-'  reduce 90
	';'  reduce 90
	'!'  reduce 90
	'('  reduce 90
	'{'  reduce 90
	'}'  reduce 90
	SCOPY  reduce 90
	SEP  reduce 90

	ElseClause  goto 188


state 177
	Guard : Expr ':' . Stmt  (44)
	SimpleStmt : .  (47)
	Receiver : .  (49)

	VOID  shift 17
	BOOL  shift 18
	INT  shift 19
	STRING  shift 20
	CLASS  shift 21
	NULL  shift 53
	THIS  shift 54
	WHILE  shift 55
	FOR  shift 56
	IF  shift 57
	RETURN  shift 58
	BREAK  shift 59
	NEW  shift 60
	PRINT  shift 61
	READ_INTEGER  shift 62
	READ_LINE  shift 63
	LITERAL  shift 64
	INSTANCEOF  shift 65
	'-'  shift 66
	'!'  shift 67
	'('  shift 68
	'{'  shift 48
	SCOPY  shift 70
	IDENTIFIER  reduce 49
	';'  reduce 47

	VariableDef  goto 71
	Variable  goto 25
	Type  goto 40
	StmtBlock  goto 72
	Stmt  goto 189
	SimpleStmt  goto 74
	IfStmt  goto 75
	WhileStmt  goto 76
	ForStmt  goto 77
	ReturnStmt  goto 78
	PrintStmt  goto 79
	BreakStmt  goto 80
	OCStmt  goto 81
	GuardedStmt  goto 82
	Expr  goto 83
	LValue  goto 84
	Call  goto 85
	Receiver  goto 86
	Constant  goto 87


state 178
	GuardedStmt : IF '{' GuardList Guard '}' .  (40)

	.  reduce 40


state 179
	GuardList : GuardList Guard SEP .  (42)

	.  reduce 42


state 180
	Expr : NEW Type '[' Expr ']' .  (76)

	.  reduce 76


state 181
	Receiver : Expr . '.'  (48)
	LValue : Expr . '[' Expr ']'  (51)
	Expr : Expr . '+' Expr  (56)
	Expr : Expr . '-' Expr  (57)
	Expr : Expr . '*' Expr  (58)
	Expr : Expr . '/' Expr  (59)
	Expr : Expr . '%' Expr  (60)
	Expr : Expr . EQUAL Expr  (61)
	Expr : Expr . NOT_EQUAL Expr  (62)
	Expr : Expr . '<' Expr  (63)
	Expr : Expr . '>' Expr  (64)
	Expr : Expr . LESS_EQUAL Expr  (65)
	Expr : Expr . GREATER_EQUAL Expr  (66)
	Expr : Expr . AND Expr  (67)
	Expr : Expr . OR Expr  (68)
	ExprList : ExprList ',' Expr .  (83)

	AND  shift 111
	OR  shift 112
	LESS_EQUAL  shift 113
	GREATER_EQUAL  shift 114
	EQUAL  shift 115
	NOT_EQUAL  shift 116
	'+'  shift 117
	'-'  shift 118
	'*'  shift 119
	'/'  shift 120
	'%'  shift 121
	'>'  shift 122
	'<'  shift 123
	'.'  shift 124
	'['  shift 125
	','  reduce 83
	')'  reduce 83


state 182
	Expr : INSTANCEOF '(' Expr ',' IDENTIFIER . ')'  (77)

	')'  shift 190
	.  error


state 183
	Receiver : Expr . '.'  (48)
	LValue : Expr . '[' Expr ']'  (51)
	Expr : Expr . '+' Expr  (56)
	Expr : Expr . '-' Expr  (57)
	Expr : Expr . '*' Expr  (58)
	Expr : Expr . '/' Expr  (59)
	Expr : Expr . '%' Expr  (60)
	Expr : Expr . EQUAL Expr  (61)
	Expr : Expr . NOT_EQUAL Expr  (62)
	Expr : Expr . '<' Expr  (63)
	Expr : Expr . '>' Expr  (64)
	Expr : Expr . LESS_EQUAL Expr  (65)
	Expr : Expr . GREATER_EQUAL Expr  (66)
	Expr : Expr . AND Expr  (67)
	Expr : Expr . OR Expr  (68)
	Expr : '(' CLASS IDENTIFIER ')' Expr .  (78)

	.  reduce 78


state 184
	OCStmt : SCOPY '(' IDENTIFIER ',' Expr . ')'  (39)
	Receiver : Expr . '.'  (48)
	LValue : Expr . '[' Expr ']'  (51)
	Expr : Expr . '+' Expr  (56)
	Expr : Expr . '-' Expr  (57)
	Expr : Expr . '*' Expr  (58)
	Expr : Expr . '/' Expr  (59)
	Expr : Expr . '%' Expr  (60)
	Expr : Expr . EQUAL Expr  (61)
	Expr : Expr . NOT_EQUAL Expr  (62)
	Expr : Expr . '<' Expr  (63)
	Expr : Expr . '>' Expr  (64)
	Expr : Expr . LESS_EQUAL Expr  (65)
	Expr : Expr . GREATER_EQUAL Expr  (66)
	Expr : Expr . AND Expr  (67)
	Expr : Expr . OR Expr  (68)

	AND  shift 111
	OR  shift 112
	LESS_EQUAL  shift 113
	GREATER_EQUAL  shift 114
	EQUAL  shift 115
	NOT_EQUAL  shift 116
	'+'  shift 117
	'-'  shift 118
	'*'  shift 119
	'/'  shift 120
	'%'  shift 121
	'>'  shift 122
	'<'  shift 123
	'.'  shift 124
	')'  shift 191
	'['  shift 125
	.  error


state 185
	Call : Receiver IDENTIFIER '(' Actuals ')' .  (52)

	.  reduce 52


state 186
	ForStmt : FOR '(' SimpleStmt ';' Expr ';' . SimpleStmt ')' Stmt  (86)
	SimpleStmt : .  (47)
	Receiver : .  (49)

	NULL  shift 53
	THIS  shift 54
	NEW  shift 60
	READ_INTEGER  shift 62
	READ_LINE  shift 63
	LITERAL  shift 64
	INSTANCEOF  shift 65
	'-'  shift 66
	'!'  shift 67
	'('  shift 68
	IDENTIFIER  reduce 49
	')'  reduce 47

	SimpleStmt  goto 192
	Expr  goto 83
	LValue  goto 84
	Call  goto 85
	Receiver  goto 86
	Constant  goto 87


state 187
	ElseClause : ELSE . Stmt  (89)
	SimpleStmt : .  (47)
	Receiver : .  (49)

	VOID  shift 17
	BOOL  shift 18
	INT  shift 19
	STRING  shift 20
	CLASS  shift 21
	NULL  shift 53
	THIS  shift 54
	WHILE  shift 55
	FOR  shift 56
	IF  shift 57
	RETURN  shift 58
	BREAK  shift 59
	NEW  shift 60
	PRINT  shift 61
	READ_INTEGER  shift 62
	READ_LINE  shift 63
	LITERAL  shift 64
	INSTANCEOF  shift 65
	'-'  shift 66
	'!'  shift 67
	'('  shift 68
	'{'  shift 48
	SCOPY  shift 70
	IDENTIFIER  reduce 49
	';'  reduce 47

	VariableDef  goto 71
	Variable  goto 25
	Type  goto 40
	StmtBlock  goto 72
	Stmt  goto 193
	SimpleStmt  goto 74
	IfStmt  goto 75
	WhileStmt  goto 76
	ForStmt  goto 77
	ReturnStmt  goto 78
	PrintStmt  goto 79
	BreakStmt  goto 80
	OCStmt  goto 81
	GuardedStmt  goto 82
	Expr  goto 83
	LValue  goto 84
	Call  goto 85
	Receiver  goto 86
	Constant  goto 87


state 188
	IfStmt : IF '(' Expr ')' Stmt ElseClause .  (88)

	.  reduce 88


state 189
	Guard : Expr ':' Stmt .  (44)

	.  reduce 44


state 190
	Expr : INSTANCEOF '(' Expr ',' IDENTIFIER ')' .  (77)

	.  reduce 77


state 191
	OCStmt : SCOPY '(' IDENTIFIER ',' Expr ')' .  (39)

	.  reduce 39


state 192
	ForStmt : FOR '(' SimpleStmt ';' Expr ';' SimpleStmt . ')' Stmt  (86)

	')'  shift 194
	.  error


state 193
	ElseClause : ELSE Stmt .  (89)

	.  reduce 89


state 194
	ForStmt : FOR '(' SimpleStmt ';' Expr ';' SimpleStmt ')' . Stmt  (86)
	SimpleStmt : .  (47)
	Receiver : .  (49)

	VOID  shift 17
	BOOL  shift 18
	INT  shift 19
	STRING  shift 20
	CLASS  shift 21
	NULL  shift 53
	THIS  shift 54
	WHILE  shift 55
	FOR  shift 56
	IF  shift 57
	RETURN  shift 58
	BREAK  shift 59
	NEW  shift 60
	PRINT  shift 61
	READ_INTEGER  shift 62
	READ_LINE  shift 63
	LITERAL  shift 64
	INSTANCEOF  shift 65
	'-'  shift 66
	'!'  shift 67
	'('  shift 68
	'{'  shift 48
	SCOPY  shift 70
	IDENTIFIER  reduce 49
	';'  reduce 47

	VariableDef  goto 71
	Variable  goto 25
	Type  goto 40
	StmtBlock  goto 72
	Stmt  goto 195
	SimpleStmt  goto 74
	IfStmt  goto 75
	WhileStmt  goto 76
	ForStmt  goto 77
	ReturnStmt  goto 78
	PrintStmt  goto 79
	BreakStmt  goto 80
	OCStmt  goto 81
	GuardedStmt  goto 82
	Expr  goto 83
	LValue  goto 84
	Call  goto 85
	Receiver  goto 86
	Constant  goto 87


state 195
	ForStmt : FOR '(' SimpleStmt ';' Expr ';' SimpleStmt ')' Stmt .  (86)

	.  reduce 86


54 terminals, 34 nonterminals
94 grammar rules, 196 states
